Started GET "/" for 127.0.0.1 at 2019-10-31 22:25:04 +0100
  [1m[35m (0.6ms)[0m  [1m[34mSELECT "schema_migrations"."version" FROM "schema_migrations" ORDER BY "schema_migrations"."version" ASC[0m
  ↳ /Users/cex/.rvm/gems/ruby-2.5.1/gems/activerecord-5.2.3/lib/active_record/log_subscriber.rb:98
Processing by StaticController#index as HTML
  Rendering static/index.html.erb within layouts/application
  [1m[36mGossip Load (0.5ms)[0m  [1m[34mSELECT "gossips".* FROM "gossips"[0m
  ↳ app/views/static/index.html.erb:21
  Rendered static/index.html.erb within layouts/application (26.4ms)
Completed 200 OK in 387ms (Views: 374.6ms | ActiveRecord: 1.6ms)


Started GET "/gossips/new" for 127.0.0.1 at 2019-10-31 22:25:09 +0100
Processing by GossipsController#new as HTML
Redirected to http://localhost:3000/sessions/new
Filter chain halted as :authenticate_user rendered or redirected
Completed 302 Found in 2ms (ActiveRecord: 0.0ms)


Started GET "/sessions/new" for 127.0.0.1 at 2019-10-31 22:25:09 +0100
Processing by SessionsController#new as HTML
  Rendering sessions/new.html.erb within layouts/application
  Rendered sessions/new.html.erb within layouts/application (3.0ms)
Completed 200 OK in 33ms (Views: 30.4ms | ActiveRecord: 0.0ms)


Started GET "/users/new" for 127.0.0.1 at 2019-10-31 22:25:12 +0100
Processing by UsersController#new as HTML
  Rendering users/new.html.erb within layouts/application
  Rendered users/new.html.erb within layouts/application (2.0ms)
Completed 200 OK in 45ms (Views: 20.3ms | ActiveRecord: 5.0ms)


Started GET "/sessions/new" for 127.0.0.1 at 2019-10-31 22:25:13 +0100
Processing by SessionsController#new as HTML
  Rendering sessions/new.html.erb within layouts/application
  Rendered sessions/new.html.erb within layouts/application (1.4ms)
Completed 200 OK in 44ms (Views: 36.3ms | ActiveRecord: 0.0ms)


Started GET "/users/new" for 127.0.0.1 at 2019-10-31 22:25:16 +0100
Processing by UsersController#new as HTML
  Rendering users/new.html.erb within layouts/application
  Rendered users/new.html.erb within layouts/application (1.4ms)
Completed 200 OK in 61ms (Views: 56.3ms | ActiveRecord: 0.0ms)


  [1m[36mUser Load (0.6ms)[0m  [1m[34mSELECT "users".* FROM "users"[0m
Started GET "/welcome" for 127.0.0.1 at 2019-10-31 22:28:41 +0100
  [1m[35m (0.6ms)[0m  [1m[34mSELECT "schema_migrations"."version" FROM "schema_migrations" ORDER BY "schema_migrations"."version" ASC[0m
  ↳ /Users/cex/.rvm/gems/ruby-2.5.1/gems/activerecord-5.2.3/lib/active_record/log_subscriber.rb:98
Processing by WelcomeController#index as HTML
  Rendering welcome/index.html.erb within layouts/application
  [1m[36mGossip Load (0.9ms)[0m  [1m[34mSELECT "gossips".* FROM "gossips"[0m
  ↳ app/views/welcome/index.html.erb:26
  Rendered welcome/index.html.erb within layouts/application (26.7ms)
Completed 200 OK in 283ms (Views: 274.8ms | ActiveRecord: 2.1ms)


Started GET "/welcome" for 127.0.0.1 at 2019-10-31 22:28:43 +0100
Processing by WelcomeController#index as HTML
  Rendering welcome/index.html.erb within layouts/application
  [1m[36mGossip Load (1.0ms)[0m  [1m[34mSELECT "gossips".* FROM "gossips"[0m
  ↳ app/views/welcome/index.html.erb:26
  Rendered welcome/index.html.erb within layouts/application (5.1ms)
Completed 200 OK in 35ms (Views: 31.3ms | ActiveRecord: 1.0ms)


Started GET "/gossips/new" for 127.0.0.1 at 2019-10-31 22:28:51 +0100
Processing by GossipsController#new as HTML
Redirected to http://localhost:3000/sessions/new
Filter chain halted as :authenticate_user rendered or redirected
Completed 302 Found in 1ms (ActiveRecord: 0.0ms)


Started GET "/sessions/new" for 127.0.0.1 at 2019-10-31 22:28:51 +0100
Processing by SessionsController#new as HTML
  Rendering sessions/new.html.erb within layouts/application
  Rendered sessions/new.html.erb within layouts/application (1.0ms)
Completed 200 OK in 40ms (Views: 38.0ms | ActiveRecord: 0.0ms)


Started POST "/sessions" for 127.0.0.1 at 2019-10-31 22:28:59 +0100
Processing by SessionsController#create as HTML
  Parameters: {"utf8"=>"✓", "authenticity_token"=>"umDtXpAryvbsJMSCfuqscqwNFtT4EHaaBur4tWrAOVE++jz6XHud6nTTvDPNeyW0i7jWzjRPxW+EA1l/0xjhJw==", "email"=>"meryll@gmail.com", "password"=>"[FILTERED]", "commit"=>"Login"}
  [1m[36mUser Load (1.8ms)[0m  [1m[34mSELECT  "users".* FROM "users" WHERE "users"."email" = $1 LIMIT $2[0m  [["email", "meryll@gmail.com"], ["LIMIT", 1]]
  ↳ app/controllers/sessions_controller.rb:11
  Rendering sessions/new.html.erb within layouts/application
  Rendered sessions/new.html.erb within layouts/application (1.2ms)
Completed 200 OK in 49ms (Views: 26.6ms | ActiveRecord: 3.9ms)


Started POST "/sessions" for 127.0.0.1 at 2019-10-31 22:29:07 +0100
Processing by SessionsController#create as HTML
  Parameters: {"utf8"=>"✓", "authenticity_token"=>"vhuLglZJfUyNnb+GMmsbk8LzGQ+pdegnHXmKcI4DZrGh2P6rj0COzN1EXov4hv0EitAQboszxBZ7h1SCeZztyA==", "email"=>"meryll@gmail.com", "password"=>"[FILTERED]", "commit"=>"Login"}
  [1m[36mUser Load (1.3ms)[0m  [1m[34mSELECT  "users".* FROM "users" WHERE "users"."email" = $1 LIMIT $2[0m  [["email", "meryll@gmail.com"], ["LIMIT", 1]]
  ↳ app/controllers/sessions_controller.rb:11
  Rendering sessions/new.html.erb within layouts/application
  Rendered sessions/new.html.erb within layouts/application (1.4ms)
Completed 200 OK in 38ms (Views: 23.3ms | ActiveRecord: 1.3ms)


Started POST "/sessions" for 127.0.0.1 at 2019-10-31 22:29:17 +0100
Processing by SessionsController#create as HTML
  Parameters: {"utf8"=>"✓", "authenticity_token"=>"i0Shvj9v5IfQQtk20ZYC66ouDlgJ4q6mWwyJFDkr83aUh9SX5mYXB4CbODsbe+R84g0HOSukgpc98lfmzrR4Dw==", "email"=>"meryll@gmail.com", "password"=>"[FILTERED]", "commit"=>"Login"}
  [1m[36mUser Load (1.1ms)[0m  [1m[34mSELECT  "users".* FROM "users" WHERE "users"."email" = $1 LIMIT $2[0m  [["email", "meryll@gmail.com"], ["LIMIT", 1]]
  ↳ app/controllers/sessions_controller.rb:11
  Rendering sessions/new.html.erb within layouts/application
  Rendered sessions/new.html.erb within layouts/application (1.1ms)
Completed 200 OK in 42ms (Views: 34.6ms | ActiveRecord: 1.1ms)


Started POST "/sessions" for 127.0.0.1 at 2019-10-31 22:29:24 +0100
Processing by SessionsController#create as HTML
  Parameters: {"utf8"=>"✓", "authenticity_token"=>"D9STICaVvj7Q0kcHb3B+0+8MzTXwGUG6pwtH5PT9C/EQF+YJ/5xNvoALpgqlnZhEpy/EVNJfbYvB9ZkWA2KAiA==", "email"=>"meg1@gmail.com", "password"=>"[FILTERED]", "commit"=>"Login"}
  [1m[36mUser Load (2.2ms)[0m  [1m[34mSELECT  "users".* FROM "users" WHERE "users"."email" = $1 LIMIT $2[0m  [["email", "meg1@gmail.com"], ["LIMIT", 1]]
  ↳ app/controllers/sessions_controller.rb:11
  Rendering sessions/new.html.erb within layouts/application
  Rendered sessions/new.html.erb within layouts/application (1.2ms)
Completed 200 OK in 53ms (Views: 31.4ms | ActiveRecord: 2.2ms)


Started GET "/welcome" for 127.0.0.1 at 2019-10-31 22:29:34 +0100
Processing by WelcomeController#index as HTML
  Rendering welcome/index.html.erb within layouts/application
  [1m[36mGossip Load (0.4ms)[0m  [1m[34mSELECT "gossips".* FROM "gossips"[0m
  ↳ app/views/welcome/index.html.erb:26
  Rendered welcome/index.html.erb within layouts/application (7.7ms)
Completed 200 OK in 52ms (Views: 48.1ms | ActiveRecord: 0.4ms)


  [1m[35m (0.5ms)[0m  [1m[34mSELECT "schema_migrations"."version" FROM "schema_migrations" ORDER BY "schema_migrations"."version" ASC[0m
  ↳ bin/rails:9
  [1m[36mUser Load (0.5ms)[0m  [1m[34mSELECT "users".* FROM "users"[0m
  ↳ db/seeds.rb:11
  [1m[36mGossip Load (0.4ms)[0m  [1m[34mSELECT "gossips".* FROM "gossips"[0m
  ↳ db/seeds.rb:12
  [1m[35m (0.2ms)[0m  [1m[35mBEGIN[0m
  ↳ db/seeds.rb:15
  [1m[36mCity Create (1.0ms)[0m  [1m[32mINSERT INTO "cities" ("name", "zip_code", "created_at", "updated_at") VALUES ($1, $2, $3, $4) RETURNING "id"[0m  [["name", "Saint-Pierre"], ["zip_code", "64255"], ["created_at", "2019-10-31 21:29:51.023536"], ["updated_at", "2019-10-31 21:29:51.023536"]]
  ↳ db/seeds.rb:15
  [1m[35m (40.9ms)[0m  [1m[35mCOMMIT[0m
  ↳ db/seeds.rb:15
  [1m[35m (0.2ms)[0m  [1m[35mBEGIN[0m
  ↳ db/seeds.rb:15
  [1m[36mCity Create (0.4ms)[0m  [1m[32mINSERT INTO "cities" ("name", "zip_code", "created_at", "updated_at") VALUES ($1, $2, $3, $4) RETURNING "id"[0m  [["name", "Rueil-Malmaison"], ["zip_code", "91584"], ["created_at", "2019-10-31 21:29:51.068493"], ["updated_at", "2019-10-31 21:29:51.068493"]]
  ↳ db/seeds.rb:15
  [1m[35m (1.2ms)[0m  [1m[35mCOMMIT[0m
  ↳ db/seeds.rb:15
  [1m[35m (0.2ms)[0m  [1m[35mBEGIN[0m
  ↳ db/seeds.rb:15
  [1m[36mCity Create (0.4ms)[0m  [1m[32mINSERT INTO "cities" ("name", "zip_code", "created_at", "updated_at") VALUES ($1, $2, $3, $4) RETURNING "id"[0m  [["name", "Colombes"], ["zip_code", "22121"], ["created_at", "2019-10-31 21:29:51.072032"], ["updated_at", "2019-10-31 21:29:51.072032"]]
  ↳ db/seeds.rb:15
  [1m[35m (0.3ms)[0m  [1m[35mCOMMIT[0m
  ↳ db/seeds.rb:15
  [1m[35m (0.1ms)[0m  [1m[35mBEGIN[0m
  ↳ db/seeds.rb:15
  [1m[36mCity Create (0.2ms)[0m  [1m[32mINSERT INTO "cities" ("name", "zip_code", "created_at", "updated_at") VALUES ($1, $2, $3, $4) RETURNING "id"[0m  [["name", "Tours"], ["zip_code", "71560"], ["created_at", "2019-10-31 21:29:51.076828"], ["updated_at", "2019-10-31 21:29:51.076828"]]
  ↳ db/seeds.rb:15
  [1m[35m (0.3ms)[0m  [1m[35mCOMMIT[0m
  ↳ db/seeds.rb:15
  [1m[35m (0.1ms)[0m  [1m[35mBEGIN[0m
  ↳ db/seeds.rb:15
  [1m[36mCity Create (0.2ms)[0m  [1m[32mINSERT INTO "cities" ("name", "zip_code", "created_at", "updated_at") VALUES ($1, $2, $3, $4) RETURNING "id"[0m  [["name", "Caen"], ["zip_code", "11058"], ["created_at", "2019-10-31 21:29:51.078651"], ["updated_at", "2019-10-31 21:29:51.078651"]]
  ↳ db/seeds.rb:15
  [1m[35m (0.3ms)[0m  [1m[35mCOMMIT[0m
  ↳ db/seeds.rb:15
  [1m[36mCity Load (0.3ms)[0m  [1m[34mSELECT "cities".* FROM "cities"[0m
  ↳ db/seeds.rb:19
  [1m[35m (0.1ms)[0m  [1m[35mBEGIN[0m
  ↳ db/seeds.rb:19
  [1m[35m (0.1ms)[0m  [1m[31mROLLBACK[0m
  ↳ db/seeds.rb:19
  [1m[36mCity Load (0.3ms)[0m  [1m[34mSELECT "cities".* FROM "cities"[0m
  ↳ db/seeds.rb:19
  [1m[35m (0.1ms)[0m  [1m[35mBEGIN[0m
  ↳ db/seeds.rb:19
  [1m[35m (0.1ms)[0m  [1m[31mROLLBACK[0m
  ↳ db/seeds.rb:19
  [1m[36mCity Load (0.3ms)[0m  [1m[34mSELECT "cities".* FROM "cities"[0m
  ↳ db/seeds.rb:19
  [1m[35m (0.2ms)[0m  [1m[35mBEGIN[0m
  ↳ db/seeds.rb:19
  [1m[35m (0.3ms)[0m  [1m[31mROLLBACK[0m
  ↳ db/seeds.rb:19
  [1m[36mCity Load (0.4ms)[0m  [1m[34mSELECT "cities".* FROM "cities"[0m
  ↳ db/seeds.rb:19
  [1m[35m (0.2ms)[0m  [1m[35mBEGIN[0m
  ↳ db/seeds.rb:19
  [1m[35m (0.2ms)[0m  [1m[31mROLLBACK[0m
  ↳ db/seeds.rb:19
  [1m[36mCity Load (0.3ms)[0m  [1m[34mSELECT "cities".* FROM "cities"[0m
  ↳ db/seeds.rb:19
  [1m[35m (0.1ms)[0m  [1m[35mBEGIN[0m
  ↳ db/seeds.rb:19
  [1m[35m (0.1ms)[0m  [1m[31mROLLBACK[0m
  ↳ db/seeds.rb:19
  [1m[36mUser Load (0.2ms)[0m  [1m[34mSELECT "users".* FROM "users"[0m
  ↳ db/seeds.rb:26
  [1m[35m (2.0ms)[0m  [1m[35mCREATE DATABASE "the_gossip_project_development" ENCODING = 'unicode'[0m
  ↳ bin/rails:9
  [1m[35m (0.5ms)[0m  [1m[35mCREATE DATABASE "the_gossip_project_test" ENCODING = 'unicode'[0m
  ↳ bin/rails:9
  [1m[35m (0.6ms)[0m  [1m[34mSELECT "schema_migrations"."version" FROM "schema_migrations" ORDER BY "schema_migrations"."version" ASC[0m
  ↳ bin/rails:9
  [1m[36mUser Load (0.5ms)[0m  [1m[34mSELECT "users".* FROM "users"[0m
  ↳ db/seeds.rb:11
  [1m[36mGossip Load (0.5ms)[0m  [1m[34mSELECT "gossips".* FROM "gossips"[0m
  ↳ db/seeds.rb:12
  [1m[35m (0.1ms)[0m  [1m[35mBEGIN[0m
  ↳ db/seeds.rb:15
  [1m[36mCity Create (0.5ms)[0m  [1m[32mINSERT INTO "cities" ("name", "zip_code", "created_at", "updated_at") VALUES ($1, $2, $3, $4) RETURNING "id"[0m  [["name", "Lille"], ["zip_code", "01666"], ["created_at", "2019-10-31 21:30:25.550189"], ["updated_at", "2019-10-31 21:30:25.550189"]]
  ↳ db/seeds.rb:15
  [1m[35m (1.2ms)[0m  [1m[35mCOMMIT[0m
  ↳ db/seeds.rb:15
  [1m[35m (0.1ms)[0m  [1m[35mBEGIN[0m
  ↳ db/seeds.rb:15
  [1m[36mCity Create (0.3ms)[0m  [1m[32mINSERT INTO "cities" ("name", "zip_code", "created_at", "updated_at") VALUES ($1, $2, $3, $4) RETURNING "id"[0m  [["name", "Strasbourg"], ["zip_code", "48893"], ["created_at", "2019-10-31 21:30:25.553750"], ["updated_at", "2019-10-31 21:30:25.553750"]]
  ↳ db/seeds.rb:15
  [1m[35m (0.3ms)[0m  [1m[35mCOMMIT[0m
  ↳ db/seeds.rb:15
  [1m[35m (0.1ms)[0m  [1m[35mBEGIN[0m
  ↳ db/seeds.rb:15
  [1m[36mCity Create (0.2ms)[0m  [1m[32mINSERT INTO "cities" ("name", "zip_code", "created_at", "updated_at") VALUES ($1, $2, $3, $4) RETURNING "id"[0m  [["name", "Calais"], ["zip_code", "56368"], ["created_at", "2019-10-31 21:30:25.555651"], ["updated_at", "2019-10-31 21:30:25.555651"]]
  ↳ db/seeds.rb:15
  [1m[35m (0.3ms)[0m  [1m[35mCOMMIT[0m
  ↳ db/seeds.rb:15
  [1m[35m (0.1ms)[0m  [1m[35mBEGIN[0m
  ↳ db/seeds.rb:15
  [1m[36mCity Create (0.2ms)[0m  [1m[32mINSERT INTO "cities" ("name", "zip_code", "created_at", "updated_at") VALUES ($1, $2, $3, $4) RETURNING "id"[0m  [["name", "Le Tampon"], ["zip_code", "35540"], ["created_at", "2019-10-31 21:30:25.557539"], ["updated_at", "2019-10-31 21:30:25.557539"]]
  ↳ db/seeds.rb:15
  [1m[35m (0.3ms)[0m  [1m[35mCOMMIT[0m
  ↳ db/seeds.rb:15
  [1m[35m (0.1ms)[0m  [1m[35mBEGIN[0m
  ↳ db/seeds.rb:15
  [1m[36mCity Create (0.3ms)[0m  [1m[32mINSERT INTO "cities" ("name", "zip_code", "created_at", "updated_at") VALUES ($1, $2, $3, $4) RETURNING "id"[0m  [["name", "Poitiers"], ["zip_code", "50336"], ["created_at", "2019-10-31 21:30:25.559301"], ["updated_at", "2019-10-31 21:30:25.559301"]]
  ↳ db/seeds.rb:15
  [1m[35m (0.3ms)[0m  [1m[35mCOMMIT[0m
  ↳ db/seeds.rb:15
  [1m[36mCity Load (0.3ms)[0m  [1m[34mSELECT "cities".* FROM "cities"[0m
  ↳ db/seeds.rb:19
  [1m[35m (0.1ms)[0m  [1m[35mBEGIN[0m
  ↳ db/seeds.rb:19
  [1m[35m (0.3ms)[0m  [1m[31mROLLBACK[0m
  ↳ db/seeds.rb:19
  [1m[36mCity Load (0.2ms)[0m  [1m[34mSELECT "cities".* FROM "cities"[0m
  ↳ db/seeds.rb:19
  [1m[35m (0.1ms)[0m  [1m[35mBEGIN[0m
  ↳ db/seeds.rb:19
  [1m[35m (0.1ms)[0m  [1m[31mROLLBACK[0m
  ↳ db/seeds.rb:19
  [1m[36mCity Load (0.2ms)[0m  [1m[34mSELECT "cities".* FROM "cities"[0m
  ↳ db/seeds.rb:19
  [1m[35m (0.1ms)[0m  [1m[35mBEGIN[0m
  ↳ db/seeds.rb:19
  [1m[35m (0.1ms)[0m  [1m[31mROLLBACK[0m
  ↳ db/seeds.rb:19
  [1m[36mCity Load (0.2ms)[0m  [1m[34mSELECT "cities".* FROM "cities"[0m
  ↳ db/seeds.rb:19
  [1m[35m (0.1ms)[0m  [1m[35mBEGIN[0m
  ↳ db/seeds.rb:19
  [1m[35m (0.1ms)[0m  [1m[31mROLLBACK[0m
  ↳ db/seeds.rb:19
  [1m[36mCity Load (0.2ms)[0m  [1m[34mSELECT "cities".* FROM "cities"[0m
  ↳ db/seeds.rb:19
  [1m[35m (0.1ms)[0m  [1m[35mBEGIN[0m
  ↳ db/seeds.rb:19
  [1m[35m (0.1ms)[0m  [1m[31mROLLBACK[0m
  ↳ db/seeds.rb:19
  [1m[36mUser Load (0.2ms)[0m  [1m[34mSELECT "users".* FROM "users"[0m
  ↳ db/seeds.rb:26
  [1m[35m (0.7ms)[0m  [1m[34mSELECT "schema_migrations"."version" FROM "schema_migrations" ORDER BY "schema_migrations"."version" ASC[0m
  ↳ bin/rails:9
  [1m[36mUser Load (0.5ms)[0m  [1m[34mSELECT "users".* FROM "users"[0m
  ↳ db/seeds.rb:11
  [1m[36mGossip Load (0.5ms)[0m  [1m[34mSELECT "gossips".* FROM "gossips"[0m
  ↳ db/seeds.rb:12
  [1m[35m (0.1ms)[0m  [1m[35mBEGIN[0m
  ↳ db/seeds.rb:15
  [1m[36mCity Create (0.5ms)[0m  [1m[32mINSERT INTO "cities" ("name", "zip_code", "created_at", "updated_at") VALUES ($1, $2, $3, $4) RETURNING "id"[0m  [["name", "Saint-Denis"], ["zip_code", "05622"], ["created_at", "2019-10-31 21:33:07.736105"], ["updated_at", "2019-10-31 21:33:07.736105"]]
  ↳ db/seeds.rb:15
  [1m[35m (40.7ms)[0m  [1m[35mCOMMIT[0m
  ↳ db/seeds.rb:15
  [1m[35m (0.2ms)[0m  [1m[35mBEGIN[0m
  ↳ db/seeds.rb:15
  [1m[36mCity Create (0.4ms)[0m  [1m[32mINSERT INTO "cities" ("name", "zip_code", "created_at", "updated_at") VALUES ($1, $2, $3, $4) RETURNING "id"[0m  [["name", "Saint-Paul"], ["zip_code", "24906"], ["created_at", "2019-10-31 21:33:07.779869"], ["updated_at", "2019-10-31 21:33:07.779869"]]
  ↳ db/seeds.rb:15
  [1m[35m (1.3ms)[0m  [1m[35mCOMMIT[0m
  ↳ db/seeds.rb:15
  [1m[35m (0.2ms)[0m  [1m[35mBEGIN[0m
  ↳ db/seeds.rb:15
  [1m[36mCity Create (0.3ms)[0m  [1m[32mINSERT INTO "cities" ("name", "zip_code", "created_at", "updated_at") VALUES ($1, $2, $3, $4) RETURNING "id"[0m  [["name", "Cergy"], ["zip_code", "83077"], ["created_at", "2019-10-31 21:33:07.783976"], ["updated_at", "2019-10-31 21:33:07.783976"]]
  ↳ db/seeds.rb:15
  [1m[35m (0.3ms)[0m  [1m[35mCOMMIT[0m
  ↳ db/seeds.rb:15
  [1m[35m (0.1ms)[0m  [1m[35mBEGIN[0m
  ↳ db/seeds.rb:15
  [1m[36mCity Create (0.2ms)[0m  [1m[32mINSERT INTO "cities" ("name", "zip_code", "created_at", "updated_at") VALUES ($1, $2, $3, $4) RETURNING "id"[0m  [["name", "Aulnay-sous-Bois"], ["zip_code", "92364"], ["created_at", "2019-10-31 21:33:07.785964"], ["updated_at", "2019-10-31 21:33:07.785964"]]
  ↳ db/seeds.rb:15
  [1m[35m (0.3ms)[0m  [1m[35mCOMMIT[0m
  ↳ db/seeds.rb:15
  [1m[35m (0.1ms)[0m  [1m[35mBEGIN[0m
  ↳ db/seeds.rb:15
  [1m[36mCity Create (0.3ms)[0m  [1m[32mINSERT INTO "cities" ("name", "zip_code", "created_at", "updated_at") VALUES ($1, $2, $3, $4) RETURNING "id"[0m  [["name", "Roubaix"], ["zip_code", "81086"], ["created_at", "2019-10-31 21:33:07.787932"], ["updated_at", "2019-10-31 21:33:07.787932"]]
  ↳ db/seeds.rb:15
  [1m[35m (0.3ms)[0m  [1m[35mCOMMIT[0m
  ↳ db/seeds.rb:15
  [1m[36mCity Load (0.3ms)[0m  [1m[34mSELECT "cities".* FROM "cities"[0m
  ↳ db/seeds.rb:19
  [1m[35m (0.1ms)[0m  [1m[35mBEGIN[0m
  ↳ db/seeds.rb:19
  [1m[35m (0.1ms)[0m  [1m[31mROLLBACK[0m
  ↳ db/seeds.rb:19
  [1m[36mCity Load (0.2ms)[0m  [1m[34mSELECT "cities".* FROM "cities"[0m
  ↳ db/seeds.rb:19
  [1m[35m (0.1ms)[0m  [1m[35mBEGIN[0m
  ↳ db/seeds.rb:19
  [1m[35m (0.1ms)[0m  [1m[31mROLLBACK[0m
  ↳ db/seeds.rb:19
  [1m[36mCity Load (0.2ms)[0m  [1m[34mSELECT "cities".* FROM "cities"[0m
  ↳ db/seeds.rb:19
  [1m[35m (0.1ms)[0m  [1m[35mBEGIN[0m
  ↳ db/seeds.rb:19
  [1m[35m (0.1ms)[0m  [1m[31mROLLBACK[0m
  ↳ db/seeds.rb:19
  [1m[36mCity Load (0.2ms)[0m  [1m[34mSELECT "cities".* FROM "cities"[0m
  ↳ db/seeds.rb:19
  [1m[35m (0.1ms)[0m  [1m[35mBEGIN[0m
  ↳ db/seeds.rb:19
  [1m[35m (0.1ms)[0m  [1m[31mROLLBACK[0m
  ↳ db/seeds.rb:19
  [1m[36mCity Load (0.2ms)[0m  [1m[34mSELECT "cities".* FROM "cities"[0m
  ↳ db/seeds.rb:19
  [1m[35m (0.1ms)[0m  [1m[35mBEGIN[0m
  ↳ db/seeds.rb:19
  [1m[35m (0.1ms)[0m  [1m[31mROLLBACK[0m
  ↳ db/seeds.rb:19
  [1m[36mUser Load (0.2ms)[0m  [1m[34mSELECT "users".* FROM "users"[0m
  ↳ db/seeds.rb:26
Started GET "/users/new" for 127.0.0.1 at 2019-10-31 22:35:30 +0100
  [1m[35m (0.6ms)[0m  [1m[34mSELECT "schema_migrations"."version" FROM "schema_migrations" ORDER BY "schema_migrations"."version" ASC[0m
  ↳ /Users/cex/.rvm/gems/ruby-2.5.1/gems/activerecord-5.2.3/lib/active_record/log_subscriber.rb:98
Processing by UsersController#new as HTML
  Rendering users/new.html.erb within layouts/application
  Rendered users/new.html.erb within layouts/application (2.9ms)
Completed 200 OK in 256ms (Views: 213.5ms | ActiveRecord: 12.1ms)


Started POST "/users" for 127.0.0.1 at 2019-10-31 22:35:45 +0100
Processing by UsersController#create as HTML
  Parameters: {"utf8"=>"✓", "authenticity_token"=>"H731x4uN28N4MgXx38SGKgx8rBO6WPAH7FNm6Bqkn+cAfoDuUoQoQyjr5PwVKWC9RF+lcpge3DaKrbga7TsUng==", "first_name"=>"Marc", "email"=>"marc@gmail.com", "password"=>"[FILTERED]", "commit"=>"S'inscrire"}
  [1m[36mCity Load (0.4ms)[0m  [1m[34mSELECT  "cities".* FROM "cities" ORDER BY "cities"."id" ASC LIMIT $1[0m  [["LIMIT", 1]]
  ↳ app/controllers/users_controller.rb:17
  [1m[35m (0.4ms)[0m  [1m[35mBEGIN[0m
  ↳ app/controllers/users_controller.rb:23
  [1m[36mCity Load (0.3ms)[0m  [1m[34mSELECT  "cities".* FROM "cities" WHERE "cities"."id" = $1 LIMIT $2[0m  [["id", 1], ["LIMIT", 1]]
  ↳ app/controllers/users_controller.rb:23
  [1m[36mUser Create (53.3ms)[0m  [1m[32mINSERT INTO "users" ("first_name", "email", "city_id", "created_at", "updated_at", "password_digest") VALUES ($1, $2, $3, $4, $5, $6) RETURNING "id"[0m  [["first_name", "Marc"], ["email", "marc@gmail.com"], ["city_id", 1], ["created_at", "2019-10-31 21:35:45.438579"], ["updated_at", "2019-10-31 21:35:45.438579"], ["password_digest", "$2a$10$9sb/XKc.0yqRj7cOaBG17esg12Z43A3zmB0rylxkMJEkvuYJlz1Oy"]]
  ↳ app/controllers/users_controller.rb:23
  [1m[35m (0.5ms)[0m  [1m[35mCOMMIT[0m
  ↳ app/controllers/users_controller.rb:23
Redirected to http://localhost:3000/welcome
Completed 302 Found in 170ms (ActiveRecord: 67.0ms)


Started GET "/welcome" for 127.0.0.1 at 2019-10-31 22:35:45 +0100
Processing by WelcomeController#index as HTML
  Rendering welcome/index.html.erb within layouts/application
  [1m[36mGossip Load (0.6ms)[0m  [1m[34mSELECT "gossips".* FROM "gossips"[0m
  ↳ app/views/welcome/index.html.erb:26
  Rendered welcome/index.html.erb within layouts/application (10.6ms)
Completed 200 OK in 41ms (Views: 36.8ms | ActiveRecord: 2.2ms)


Started GET "/sessions/new" for 127.0.0.1 at 2019-10-31 22:35:47 +0100
Processing by SessionsController#new as HTML
  Rendering sessions/new.html.erb within layouts/application
  Rendered sessions/new.html.erb within layouts/application (2.0ms)
Completed 200 OK in 78ms (Views: 69.5ms | ActiveRecord: 0.0ms)


Started POST "/sessions" for 127.0.0.1 at 2019-10-31 22:35:53 +0100
Processing by SessionsController#create as HTML
  Parameters: {"utf8"=>"✓", "authenticity_token"=>"XuotlVzVKXuGFMdUp8P/iN/XbZEtXOlV/nHuigBYiefacPwxkIV+Zx7jv+UUUnZO+GKti+EDWqB8mE9AuYBRkQ==", "email"=>"marc@gmail.com", "password"=>"[FILTERED]", "commit"=>"Login"}
  [1m[36mUser Load (3.0ms)[0m  [1m[34mSELECT  "users".* FROM "users" WHERE "users"."email" = $1 LIMIT $2[0m  [["email", "marc@gmail.com"], ["LIMIT", 1]]
  ↳ app/controllers/sessions_controller.rb:11
Redirected to http://localhost:3000/
Completed 302 Found in 88ms (ActiveRecord: 3.0ms)


Started GET "/" for 127.0.0.1 at 2019-10-31 22:35:53 +0100
Processing by StaticController#index as HTML
  Rendering static/index.html.erb within layouts/application
  [1m[36mGossip Load (1.6ms)[0m  [1m[34mSELECT "gossips".* FROM "gossips"[0m
  ↳ app/views/static/index.html.erb:21
  Rendered static/index.html.erb within layouts/application (5.7ms)
  [1m[36mUser Load (2.1ms)[0m  [1m[34mSELECT  "users".* FROM "users" WHERE "users"."id" = $1 LIMIT $2[0m  [["id", 1], ["LIMIT", 1]]
  ↳ app/controllers/application_controller.rb:11
Completed 200 OK in 72ms (Views: 61.3ms | ActiveRecord: 3.7ms)


Started GET "/gossips/new" for 127.0.0.1 at 2019-10-31 22:35:57 +0100
Processing by GossipsController#new as HTML
  [1m[36mUser Load (2.8ms)[0m  [1m[34mSELECT  "users".* FROM "users" WHERE "users"."id" = $1 LIMIT $2[0m  [["id", 1], ["LIMIT", 1]]
  ↳ app/controllers/application_controller.rb:11
  Rendering gossips/new.html.erb within layouts/application
  Rendered gossips/new.html.erb within layouts/application (1.5ms)
Completed 200 OK in 39ms (Views: 21.5ms | ActiveRecord: 4.1ms)


Started POST "/gossips" for 127.0.0.1 at 2019-10-31 22:36:07 +0100
Processing by GossipsController#create as HTML
  Parameters: {"utf8"=>"✓", "authenticity_token"=>"znXmtzGK9eB1fsZciUc0qoSTSYg0UL9dG3vMmM5U1uwRQK2RMNOEzJJ6x88qw+2nlh+JU0VedE1nHnqVB5gMWA==", "title"=>"Le gossip", "content"=>"c'est le gossip", "commit"=>"Envoi le gossip"}
  [1m[36mUser Load (0.6ms)[0m  [1m[34mSELECT  "users".* FROM "users" WHERE "users"."id" = $1 LIMIT $2[0m  [["id", 1], ["LIMIT", 1]]
  ↳ app/controllers/application_controller.rb:11
  [1m[35m (1.4ms)[0m  [1m[35mBEGIN[0m
  ↳ app/controllers/gossips_controller.rb:22
  [1m[36mGossip Create (1.1ms)[0m  [1m[32mINSERT INTO "gossips" ("title", "content", "user_id", "created_at", "updated_at") VALUES ($1, $2, $3, $4, $5) RETURNING "id"[0m  [["title", "Le gossip"], ["content", "c'est le gossip"], ["user_id", 1], ["created_at", "2019-10-31 21:36:07.317089"], ["updated_at", "2019-10-31 21:36:07.317089"]]
  ↳ app/controllers/gossips_controller.rb:22
  [1m[35m (40.6ms)[0m  [1m[35mCOMMIT[0m
  ↳ app/controllers/gossips_controller.rb:22
  [1m[35m (0.8ms)[0m  [1m[35mBEGIN[0m
  ↳ app/controllers/gossips_controller.rb:24
  [1m[35m (0.2ms)[0m  [1m[35mCOMMIT[0m
  ↳ app/controllers/gossips_controller.rb:24
Redirected to http://localhost:3000/welcome
Completed 302 Found in 57ms (ActiveRecord: 44.7ms)


Started GET "/welcome" for 127.0.0.1 at 2019-10-31 22:36:07 +0100
Processing by WelcomeController#index as HTML
  Rendering welcome/index.html.erb within layouts/application
  [1m[36mGossip Load (1.7ms)[0m  [1m[34mSELECT "gossips".* FROM "gossips"[0m
  ↳ app/views/welcome/index.html.erb:26
  [1m[36mUser Load (3.2ms)[0m  [1m[34mSELECT  "users".* FROM "users" WHERE "users"."id" = $1 LIMIT $2[0m  [["id", 1], ["LIMIT", 1]]
  ↳ app/views/welcome/index.html.erb:31
  Rendered welcome/index.html.erb within layouts/application (18.0ms)
  [1m[36mCACHE User Load (0.0ms)[0m  [1m[34mSELECT  "users".* FROM "users" WHERE "users"."id" = $1 LIMIT $2[0m  [["id", 1], ["LIMIT", 1]]
  ↳ app/controllers/application_controller.rb:11
Completed 200 OK in 71ms (Views: 62.1ms | ActiveRecord: 4.9ms)


  [1m[35m (0.5ms)[0m  [1m[34mSELECT "schema_migrations"."version" FROM "schema_migrations" ORDER BY "schema_migrations"."version" ASC[0m
  ↳ bin/rails:9
  [1m[36mUser Load (0.6ms)[0m  [1m[34mSELECT "users".* FROM "users"[0m
  ↳ db/seeds.rb:11
  [1m[35m (0.2ms)[0m  [1m[35mBEGIN[0m
  ↳ db/seeds.rb:11
  [1m[36mUser Destroy (0.6ms)[0m  [1m[31mDELETE FROM "users" WHERE "users"."id" = $1[0m  [["id", 1]]
  ↳ db/seeds.rb:11
  [1m[35m (40.7ms)[0m  [1m[35mCOMMIT[0m
  ↳ db/seeds.rb:11
  [1m[36mGossip Load (0.5ms)[0m  [1m[34mSELECT "gossips".* FROM "gossips"[0m
  ↳ db/seeds.rb:12
  [1m[35m (0.1ms)[0m  [1m[35mBEGIN[0m
  ↳ db/seeds.rb:12
  [1m[36mGossip Destroy (0.3ms)[0m  [1m[31mDELETE FROM "gossips" WHERE "gossips"."id" = $1[0m  [["id", 1]]
  ↳ db/seeds.rb:12
  [1m[35m (40.3ms)[0m  [1m[35mCOMMIT[0m
  ↳ db/seeds.rb:12
  [1m[35m (0.1ms)[0m  [1m[35mBEGIN[0m
  ↳ db/seeds.rb:15
  [1m[36mCity Create (0.4ms)[0m  [1m[32mINSERT INTO "cities" ("name", "zip_code", "created_at", "updated_at") VALUES ($1, $2, $3, $4) RETURNING "id"[0m  [["name", "Paris"], ["zip_code", "09202"], ["created_at", "2019-10-31 21:36:26.468338"], ["updated_at", "2019-10-31 21:36:26.468338"]]
  ↳ db/seeds.rb:15
  [1m[35m (40.6ms)[0m  [1m[35mCOMMIT[0m
  ↳ db/seeds.rb:15
  [1m[35m (0.2ms)[0m  [1m[35mBEGIN[0m
  ↳ db/seeds.rb:15
  [1m[36mCity Create (0.5ms)[0m  [1m[32mINSERT INTO "cities" ("name", "zip_code", "created_at", "updated_at") VALUES ($1, $2, $3, $4) RETURNING "id"[0m  [["name", "Beauvais"], ["zip_code", "87259"], ["created_at", "2019-10-31 21:36:26.511793"], ["updated_at", "2019-10-31 21:36:26.511793"]]
  ↳ db/seeds.rb:15
  [1m[35m (1.3ms)[0m  [1m[35mCOMMIT[0m
  ↳ db/seeds.rb:15
  [1m[35m (0.2ms)[0m  [1m[35mBEGIN[0m
  ↳ db/seeds.rb:15
  [1m[36mCity Create (0.3ms)[0m  [1m[32mINSERT INTO "cities" ("name", "zip_code", "created_at", "updated_at") VALUES ($1, $2, $3, $4) RETURNING "id"[0m  [["name", "Amiens"], ["zip_code", "22231"], ["created_at", "2019-10-31 21:36:26.516115"], ["updated_at", "2019-10-31 21:36:26.516115"]]
  ↳ db/seeds.rb:15
  [1m[35m (0.3ms)[0m  [1m[35mCOMMIT[0m
  ↳ db/seeds.rb:15
  [1m[35m (0.1ms)[0m  [1m[35mBEGIN[0m
  ↳ db/seeds.rb:15
  [1m[36mCity Create (0.2ms)[0m  [1m[32mINSERT INTO "cities" ("name", "zip_code", "created_at", "updated_at") VALUES ($1, $2, $3, $4) RETURNING "id"[0m  [["name", "Noisy-le-Grand"], ["zip_code", "60641"], ["created_at", "2019-10-31 21:36:26.518222"], ["updated_at", "2019-10-31 21:36:26.518222"]]
  ↳ db/seeds.rb:15
  [1m[35m (0.3ms)[0m  [1m[35mCOMMIT[0m
  ↳ db/seeds.rb:15
  [1m[35m (0.1ms)[0m  [1m[35mBEGIN[0m
  ↳ db/seeds.rb:15
  [1m[36mCity Create (0.2ms)[0m  [1m[32mINSERT INTO "cities" ("name", "zip_code", "created_at", "updated_at") VALUES ($1, $2, $3, $4) RETURNING "id"[0m  [["name", "Besançon"], ["zip_code", "87494"], ["created_at", "2019-10-31 21:36:26.520210"], ["updated_at", "2019-10-31 21:36:26.520210"]]
  ↳ db/seeds.rb:15
  [1m[35m (0.3ms)[0m  [1m[35mCOMMIT[0m
  ↳ db/seeds.rb:15
  [1m[36mCity Load (0.3ms)[0m  [1m[34mSELECT "cities".* FROM "cities"[0m
  ↳ db/seeds.rb:19
  [1m[35m (0.1ms)[0m  [1m[35mBEGIN[0m
  ↳ db/seeds.rb:19
  [1m[35m (0.1ms)[0m  [1m[31mROLLBACK[0m
  ↳ db/seeds.rb:19
  [1m[36mCity Load (0.2ms)[0m  [1m[34mSELECT "cities".* FROM "cities"[0m
  ↳ db/seeds.rb:19
  [1m[35m (0.1ms)[0m  [1m[35mBEGIN[0m
  ↳ db/seeds.rb:19
  [1m[35m (0.1ms)[0m  [1m[31mROLLBACK[0m
  ↳ db/seeds.rb:19
  [1m[36mCity Load (0.2ms)[0m  [1m[34mSELECT "cities".* FROM "cities"[0m
  ↳ db/seeds.rb:19
  [1m[35m (0.1ms)[0m  [1m[35mBEGIN[0m
  ↳ db/seeds.rb:19
  [1m[35m (0.1ms)[0m  [1m[31mROLLBACK[0m
  ↳ db/seeds.rb:19
  [1m[36mCity Load (0.2ms)[0m  [1m[34mSELECT "cities".* FROM "cities"[0m
  ↳ db/seeds.rb:19
  [1m[35m (0.1ms)[0m  [1m[35mBEGIN[0m
  ↳ db/seeds.rb:19
  [1m[35m (0.1ms)[0m  [1m[31mROLLBACK[0m
  ↳ db/seeds.rb:19
  [1m[36mCity Load (0.2ms)[0m  [1m[34mSELECT "cities".* FROM "cities"[0m
  ↳ db/seeds.rb:19
  [1m[35m (0.1ms)[0m  [1m[35mBEGIN[0m
  ↳ db/seeds.rb:19
  [1m[35m (0.1ms)[0m  [1m[31mROLLBACK[0m
  ↳ db/seeds.rb:19
  [1m[36mUser Load (0.2ms)[0m  [1m[34mSELECT "users".* FROM "users"[0m
  ↳ db/seeds.rb:26
  [1m[35m (0.5ms)[0m  [1m[34mSELECT "schema_migrations"."version" FROM "schema_migrations" ORDER BY "schema_migrations"."version" ASC[0m
  ↳ bin/rails:9
  [1m[36mUser Load (0.5ms)[0m  [1m[34mSELECT "users".* FROM "users"[0m
  ↳ db/seeds.rb:11
  [1m[36mGossip Load (0.5ms)[0m  [1m[34mSELECT "gossips".* FROM "gossips"[0m
  ↳ db/seeds.rb:12
  [1m[35m (0.2ms)[0m  [1m[35mBEGIN[0m
  ↳ db/seeds.rb:15
  [1m[36mCity Create (0.5ms)[0m  [1m[32mINSERT INTO "cities" ("name", "zip_code", "created_at", "updated_at") VALUES ($1, $2, $3, $4) RETURNING "id"[0m  [["name", "Neuilly-sur-Seine"], ["zip_code", "87008"], ["created_at", "2019-10-31 21:37:23.849709"], ["updated_at", "2019-10-31 21:37:23.849709"]]
  ↳ db/seeds.rb:15
  [1m[35m (15.8ms)[0m  [1m[35mCOMMIT[0m
  ↳ db/seeds.rb:15
  [1m[35m (0.1ms)[0m  [1m[35mBEGIN[0m
  ↳ db/seeds.rb:15
  [1m[36mCity Create (0.2ms)[0m  [1m[32mINSERT INTO "cities" ("name", "zip_code", "created_at", "updated_at") VALUES ($1, $2, $3, $4) RETURNING "id"[0m  [["name", "Rueil-Malmaison"], ["zip_code", "79169"], ["created_at", "2019-10-31 21:37:23.867891"], ["updated_at", "2019-10-31 21:37:23.867891"]]
  ↳ db/seeds.rb:15
  [1m[35m (0.3ms)[0m  [1m[35mCOMMIT[0m
  ↳ db/seeds.rb:15
  [1m[35m (0.1ms)[0m  [1m[35mBEGIN[0m
  ↳ db/seeds.rb:15
  [1m[36mCity Create (0.2ms)[0m  [1m[32mINSERT INTO "cities" ("name", "zip_code", "created_at", "updated_at") VALUES ($1, $2, $3, $4) RETURNING "id"[0m  [["name", "La Rochelle"], ["zip_code", "19979"], ["created_at", "2019-10-31 21:37:23.869938"], ["updated_at", "2019-10-31 21:37:23.869938"]]
  ↳ db/seeds.rb:15
  [1m[35m (0.3ms)[0m  [1m[35mCOMMIT[0m
  ↳ db/seeds.rb:15
  [1m[35m (0.1ms)[0m  [1m[35mBEGIN[0m
  ↳ db/seeds.rb:15
  [1m[36mCity Create (0.4ms)[0m  [1m[32mINSERT INTO "cities" ("name", "zip_code", "created_at", "updated_at") VALUES ($1, $2, $3, $4) RETURNING "id"[0m  [["name", "Tourcoing"], ["zip_code", "08546"], ["created_at", "2019-10-31 21:37:23.872208"], ["updated_at", "2019-10-31 21:37:23.872208"]]
  ↳ db/seeds.rb:15
  [1m[35m (0.4ms)[0m  [1m[35mCOMMIT[0m
  ↳ db/seeds.rb:15
  [1m[35m (0.1ms)[0m  [1m[35mBEGIN[0m
  ↳ db/seeds.rb:15
  [1m[36mCity Create (0.6ms)[0m  [1m[32mINSERT INTO "cities" ("name", "zip_code", "created_at", "updated_at") VALUES ($1, $2, $3, $4) RETURNING "id"[0m  [["name", "Perpignan"], ["zip_code", "17289"], ["created_at", "2019-10-31 21:37:23.875341"], ["updated_at", "2019-10-31 21:37:23.875341"]]
  ↳ db/seeds.rb:15
  [1m[35m (0.4ms)[0m  [1m[35mCOMMIT[0m
  ↳ db/seeds.rb:15
  [1m[36mCity Load (0.4ms)[0m  [1m[34mSELECT "cities".* FROM "cities"[0m
  ↳ db/seeds.rb:19
  [1m[35m (0.2ms)[0m  [1m[35mBEGIN[0m
  ↳ db/seeds.rb:19
  [1m[35m (0.1ms)[0m  [1m[31mROLLBACK[0m
  ↳ db/seeds.rb:19
  [1m[36mCity Load (0.3ms)[0m  [1m[34mSELECT "cities".* FROM "cities"[0m
  ↳ db/seeds.rb:19
  [1m[35m (0.1ms)[0m  [1m[35mBEGIN[0m
  ↳ db/seeds.rb:19
  [1m[35m (0.1ms)[0m  [1m[31mROLLBACK[0m
  ↳ db/seeds.rb:19
  [1m[36mCity Load (0.3ms)[0m  [1m[34mSELECT "cities".* FROM "cities"[0m
  ↳ db/seeds.rb:19
  [1m[35m (0.1ms)[0m  [1m[35mBEGIN[0m
  ↳ db/seeds.rb:19
  [1m[35m (0.1ms)[0m  [1m[31mROLLBACK[0m
  ↳ db/seeds.rb:19
  [1m[36mCity Load (0.4ms)[0m  [1m[34mSELECT "cities".* FROM "cities"[0m
  ↳ db/seeds.rb:19
  [1m[35m (0.2ms)[0m  [1m[35mBEGIN[0m
  ↳ db/seeds.rb:19
  [1m[35m (0.1ms)[0m  [1m[31mROLLBACK[0m
  ↳ db/seeds.rb:19
  [1m[36mCity Load (0.3ms)[0m  [1m[34mSELECT "cities".* FROM "cities"[0m
  ↳ db/seeds.rb:19
  [1m[35m (0.1ms)[0m  [1m[35mBEGIN[0m
  ↳ db/seeds.rb:19
  [1m[35m (0.1ms)[0m  [1m[31mROLLBACK[0m
  ↳ db/seeds.rb:19
  [1m[36mUser Load (0.2ms)[0m  [1m[34mSELECT "users".* FROM "users"[0m
  ↳ db/seeds.rb:26
  [1m[35m (1.3ms)[0m  [1m[35mCREATE DATABASE "the_gossip_project_development" ENCODING = 'unicode'[0m
  ↳ bin/rails:9
  [1m[35m (1.0ms)[0m  [1m[35mCREATE DATABASE "the_gossip_project_test" ENCODING = 'unicode'[0m
  ↳ bin/rails:9
  [1m[35m (0.2ms)[0m  [1m[34mSELECT pg_try_advisory_lock(4833031731104927805)[0m
  ↳ bin/rails:9
  [1m[35m (0.5ms)[0m  [1m[34mSELECT "schema_migrations"."version" FROM "schema_migrations" ORDER BY "schema_migrations"."version" ASC[0m
  ↳ bin/rails:9
  [1m[36mActiveRecord::InternalMetadata Load (0.3ms)[0m  [1m[34mSELECT  "ar_internal_metadata".* FROM "ar_internal_metadata" WHERE "ar_internal_metadata"."key" = $1 LIMIT $2[0m  [["key", "environment"], ["LIMIT", 1]]
  ↳ bin/rails:9
  [1m[35m (0.1ms)[0m  [1m[35mBEGIN[0m
  ↳ bin/rails:9
  [1m[35m (0.1ms)[0m  [1m[35mCOMMIT[0m
  ↳ bin/rails:9
  [1m[35m (0.2ms)[0m  [1m[34mSELECT pg_advisory_unlock(4833031731104927805)[0m
  ↳ bin/rails:9
  [1m[35m (0.3ms)[0m  [1m[34mSELECT "schema_migrations"."version" FROM "schema_migrations" ORDER BY "schema_migrations"."version" ASC[0m
  ↳ bin/rails:9
  [1m[35m (0.5ms)[0m  [1m[34mSELECT "schema_migrations"."version" FROM "schema_migrations" ORDER BY "schema_migrations"."version" ASC[0m
  ↳ bin/rails:9
  [1m[36mUser Load (0.5ms)[0m  [1m[34mSELECT "users".* FROM "users"[0m
  ↳ db/seeds.rb:11
  [1m[36mGossip Load (0.5ms)[0m  [1m[34mSELECT "gossips".* FROM "gossips"[0m
  ↳ db/seeds.rb:12
  [1m[35m (0.1ms)[0m  [1m[35mBEGIN[0m
  ↳ db/seeds.rb:15
  [1m[36mCity Create (0.5ms)[0m  [1m[32mINSERT INTO "cities" ("name", "zip_code", "created_at", "updated_at") VALUES ($1, $2, $3, $4) RETURNING "id"[0m  [["name", "Colombes"], ["zip_code", "60320"], ["created_at", "2019-10-31 21:37:59.784751"], ["updated_at", "2019-10-31 21:37:59.784751"]]
  ↳ db/seeds.rb:15
  [1m[35m (40.7ms)[0m  [1m[35mCOMMIT[0m
  ↳ db/seeds.rb:15
  [1m[35m (0.2ms)[0m  [1m[35mBEGIN[0m
  ↳ db/seeds.rb:15
  [1m[36mCity Create (0.5ms)[0m  [1m[32mINSERT INTO "cities" ("name", "zip_code", "created_at", "updated_at") VALUES ($1, $2, $3, $4) RETURNING "id"[0m  [["name", "Vénissieux"], ["zip_code", "08774"], ["created_at", "2019-10-31 21:37:59.828508"], ["updated_at", "2019-10-31 21:37:59.828508"]]
  ↳ db/seeds.rb:15
  [1m[35m (1.4ms)[0m  [1m[35mCOMMIT[0m
  ↳ db/seeds.rb:15
  [1m[35m (0.2ms)[0m  [1m[35mBEGIN[0m
  ↳ db/seeds.rb:15
  [1m[36mCity Create (0.4ms)[0m  [1m[32mINSERT INTO "cities" ("name", "zip_code", "created_at", "updated_at") VALUES ($1, $2, $3, $4) RETURNING "id"[0m  [["name", "Créteil"], ["zip_code", "08273"], ["created_at", "2019-10-31 21:37:59.832919"], ["updated_at", "2019-10-31 21:37:59.832919"]]
  ↳ db/seeds.rb:15
  [1m[35m (0.4ms)[0m  [1m[35mCOMMIT[0m
  ↳ db/seeds.rb:15
  [1m[35m (0.2ms)[0m  [1m[35mBEGIN[0m
  ↳ db/seeds.rb:15
  [1m[36mCity Create (0.4ms)[0m  [1m[32mINSERT INTO "cities" ("name", "zip_code", "created_at", "updated_at") VALUES ($1, $2, $3, $4) RETURNING "id"[0m  [["name", "Saint-Nazaire"], ["zip_code", "69657"], ["created_at", "2019-10-31 21:37:59.835770"], ["updated_at", "2019-10-31 21:37:59.835770"]]
  ↳ db/seeds.rb:15
  [1m[35m (0.4ms)[0m  [1m[35mCOMMIT[0m
  ↳ db/seeds.rb:15
  [1m[35m (0.1ms)[0m  [1m[35mBEGIN[0m
  ↳ db/seeds.rb:15
  [1m[36mCity Create (0.2ms)[0m  [1m[32mINSERT INTO "cities" ("name", "zip_code", "created_at", "updated_at") VALUES ($1, $2, $3, $4) RETURNING "id"[0m  [["name", "Avignon"], ["zip_code", "13945"], ["created_at", "2019-10-31 21:37:59.838436"], ["updated_at", "2019-10-31 21:37:59.838436"]]
  ↳ db/seeds.rb:15
  [1m[35m (0.3ms)[0m  [1m[35mCOMMIT[0m
  ↳ db/seeds.rb:15
  [1m[36mCity Load (0.4ms)[0m  [1m[34mSELECT "cities".* FROM "cities"[0m
  ↳ db/seeds.rb:19
  [1m[35m (0.1ms)[0m  [1m[35mBEGIN[0m
  ↳ db/seeds.rb:19
  [1m[35m (0.1ms)[0m  [1m[31mROLLBACK[0m
  ↳ db/seeds.rb:19
  [1m[36mCity Load (0.3ms)[0m  [1m[34mSELECT "cities".* FROM "cities"[0m
  ↳ db/seeds.rb:19
  [1m[35m (0.1ms)[0m  [1m[35mBEGIN[0m
  ↳ db/seeds.rb:19
  [1m[35m (0.1ms)[0m  [1m[31mROLLBACK[0m
  ↳ db/seeds.rb:19
  [1m[36mCity Load (0.2ms)[0m  [1m[34mSELECT "cities".* FROM "cities"[0m
  ↳ db/seeds.rb:19
  [1m[35m (0.1ms)[0m  [1m[35mBEGIN[0m
  ↳ db/seeds.rb:19
  [1m[35m (0.1ms)[0m  [1m[31mROLLBACK[0m
  ↳ db/seeds.rb:19
  [1m[36mCity Load (0.3ms)[0m  [1m[34mSELECT "cities".* FROM "cities"[0m
  ↳ db/seeds.rb:19
  [1m[35m (0.1ms)[0m  [1m[35mBEGIN[0m
  ↳ db/seeds.rb:19
  [1m[35m (0.1ms)[0m  [1m[31mROLLBACK[0m
  ↳ db/seeds.rb:19
  [1m[36mCity Load (0.2ms)[0m  [1m[34mSELECT "cities".* FROM "cities"[0m
  ↳ db/seeds.rb:19
  [1m[35m (0.1ms)[0m  [1m[35mBEGIN[0m
  ↳ db/seeds.rb:19
  [1m[35m (0.1ms)[0m  [1m[31mROLLBACK[0m
  ↳ db/seeds.rb:19
  [1m[36mUser Load (0.2ms)[0m  [1m[34mSELECT "users".* FROM "users"[0m
  ↳ db/seeds.rb:26
  [1m[35m (0.5ms)[0m  [1m[34mSELECT "schema_migrations"."version" FROM "schema_migrations" ORDER BY "schema_migrations"."version" ASC[0m
  ↳ bin/rails:9
  [1m[35m (0.3ms)[0m  [1m[34mSELECT "ar_internal_metadata"."value" FROM "ar_internal_metadata" WHERE "ar_internal_metadata"."key" = $1[0m  [["key", "environment"]]
  ↳ bin/rails:9
  [1m[35m (0.2ms)[0m  [1m[34mSELECT "schema_migrations"."version" FROM "schema_migrations" ORDER BY "schema_migrations"."version" ASC[0m
  ↳ bin/rails:9
  [1m[35m (0.2ms)[0m  [1m[34mSELECT "ar_internal_metadata"."value" FROM "ar_internal_metadata" WHERE "ar_internal_metadata"."key" = $1[0m  [["key", "environment"]]
  ↳ bin/rails:9
  [1m[35m (0.2ms)[0m  [1m[34mSELECT "schema_migrations"."version" FROM "schema_migrations" ORDER BY "schema_migrations"."version" ASC[0m
  ↳ bin/rails:9
  [1m[35m (0.2ms)[0m  [1m[34mSELECT "ar_internal_metadata"."value" FROM "ar_internal_metadata" WHERE "ar_internal_metadata"."key" = $1[0m  [["key", "environment"]]
  ↳ bin/rails:9
  [1m[35m (255.2ms)[0m  [1m[35mDROP DATABASE IF EXISTS "the_gossip_project_development"[0m
  ↳ bin/rails:9
  [1m[35m (202.0ms)[0m  [1m[35mDROP DATABASE IF EXISTS "the_gossip_project_test"[0m
  ↳ bin/rails:9
  [1m[35m (529.6ms)[0m  [1m[35mCREATE DATABASE "the_gossip_project_development" ENCODING = 'unicode'[0m
  ↳ bin/rails:9
  [1m[35m (400.3ms)[0m  [1m[35mCREATE DATABASE "the_gossip_project_test" ENCODING = 'unicode'[0m
  ↳ bin/rails:9
  [1m[35m (48.7ms)[0m  [1m[35mCREATE TABLE "schema_migrations" ("version" character varying NOT NULL PRIMARY KEY)[0m
  ↳ bin/rails:9
  [1m[35m (44.5ms)[0m  [1m[35mCREATE TABLE "ar_internal_metadata" ("key" character varying NOT NULL PRIMARY KEY, "value" character varying, "created_at" timestamp NOT NULL, "updated_at" timestamp NOT NULL)[0m
  ↳ bin/rails:9
  [1m[35m (0.3ms)[0m  [1m[34mSELECT pg_try_advisory_lock(4833031731104927805)[0m
  ↳ bin/rails:9
  [1m[35m (0.5ms)[0m  [1m[34mSELECT "schema_migrations"."version" FROM "schema_migrations" ORDER BY "schema_migrations"."version" ASC[0m
  ↳ bin/rails:9
Migrating to CreateUsers (20191028115648)
  [1m[35m (0.1ms)[0m  [1m[35mBEGIN[0m
  ↳ bin/rails:9
  [1m[35m (48.7ms)[0m  [1m[35mCREATE TABLE "users" ("id" bigserial primary key, "first_name" character varying, "last_name" character varying, "email" character varying, "age" integer, "description" text, "city_id" bigint, "created_at" timestamp NOT NULL, "updated_at" timestamp NOT NULL)[0m
  ↳ db/migrate/20191028115648_create_users.rb:3
  [1m[35m (1.1ms)[0m  [1m[35mCREATE  INDEX  "index_users_on_city_id" ON "users"  ("city_id")[0m
  ↳ db/migrate/20191028115648_create_users.rb:3
  [1m[36mActiveRecord::SchemaMigration Create (0.5ms)[0m  [1m[32mINSERT INTO "schema_migrations" ("version") VALUES ($1) RETURNING "version"[0m  [["version", "20191028115648"]]
  ↳ bin/rails:9
  [1m[35m (0.7ms)[0m  [1m[35mCOMMIT[0m
  ↳ bin/rails:9
Migrating to CreateCities (20191028115706)
  [1m[35m (40.4ms)[0m  [1m[35mBEGIN[0m
  ↳ bin/rails:9
  [1m[35m (4.4ms)[0m  [1m[35mCREATE TABLE "cities" ("id" bigserial primary key, "name" character varying, "zip_code" character varying, "created_at" timestamp NOT NULL, "updated_at" timestamp NOT NULL)[0m
  ↳ db/migrate/20191028115706_create_cities.rb:3
  [1m[36mActiveRecord::SchemaMigration Create (0.3ms)[0m  [1m[32mINSERT INTO "schema_migrations" ("version") VALUES ($1) RETURNING "version"[0m  [["version", "20191028115706"]]
  ↳ bin/rails:9
  [1m[35m (0.4ms)[0m  [1m[35mCOMMIT[0m
  ↳ bin/rails:9
Migrating to CreateGossips (20191028115718)
  [1m[35m (36.6ms)[0m  [1m[35mBEGIN[0m
  ↳ bin/rails:9
  [1m[35m (3.6ms)[0m  [1m[35mCREATE TABLE "gossips" ("id" bigserial primary key, "title" character varying, "content" text, "user_id" bigint, "created_at" timestamp NOT NULL, "updated_at" timestamp NOT NULL)[0m
  ↳ db/migrate/20191028115718_create_gossips.rb:3
  [1m[35m (0.8ms)[0m  [1m[35mCREATE  INDEX  "index_gossips_on_user_id" ON "gossips"  ("user_id")[0m
  ↳ db/migrate/20191028115718_create_gossips.rb:3
  [1m[36mActiveRecord::SchemaMigration Create (0.3ms)[0m  [1m[32mINSERT INTO "schema_migrations" ("version") VALUES ($1) RETURNING "version"[0m  [["version", "20191028115718"]]
  ↳ bin/rails:9
  [1m[35m (0.4ms)[0m  [1m[35mCOMMIT[0m
  ↳ bin/rails:9
Migrating to CreateTags (20191028115738)
  [1m[35m (40.6ms)[0m  [1m[35mBEGIN[0m
  ↳ bin/rails:9
  [1m[35m (5.6ms)[0m  [1m[35mCREATE TABLE "tags" ("id" bigserial primary key, "title" character varying, "created_at" timestamp NOT NULL, "updated_at" timestamp NOT NULL)[0m
  ↳ db/migrate/20191028115738_create_tags.rb:3
  [1m[36mActiveRecord::SchemaMigration Create (0.3ms)[0m  [1m[32mINSERT INTO "schema_migrations" ("version") VALUES ($1) RETURNING "version"[0m  [["version", "20191028115738"]]
  ↳ bin/rails:9
  [1m[35m (0.4ms)[0m  [1m[35mCOMMIT[0m
  ↳ bin/rails:9
Migrating to CreatePrivateMessages (20191028115757)
  [1m[35m (31.5ms)[0m  [1m[35mBEGIN[0m
  ↳ bin/rails:9
  [1m[35m (3.4ms)[0m  [1m[35mCREATE TABLE "private_messages" ("id" bigserial primary key, "content" text, "sender_id" bigint, "created_at" timestamp NOT NULL, "updated_at" timestamp NOT NULL)[0m
  ↳ db/migrate/20191028115757_create_private_messages.rb:3
  [1m[35m (1.2ms)[0m  [1m[35mCREATE  INDEX  "index_private_messages_on_sender_id" ON "private_messages"  ("sender_id")[0m
  ↳ db/migrate/20191028115757_create_private_messages.rb:3
  [1m[36mActiveRecord::SchemaMigration Create (0.3ms)[0m  [1m[32mINSERT INTO "schema_migrations" ("version") VALUES ($1) RETURNING "version"[0m  [["version", "20191028115757"]]
  ↳ bin/rails:9
  [1m[35m (0.5ms)[0m  [1m[35mCOMMIT[0m
  ↳ bin/rails:9
Migrating to CreateComments (20191028115815)
  [1m[35m (39.7ms)[0m  [1m[35mBEGIN[0m
  ↳ bin/rails:9
  [1m[35m (4.8ms)[0m  [1m[35mCREATE TABLE "comments" ("id" bigserial primary key, "content" text, "gossip_id" bigint, "user_id" bigint, "created_at" timestamp NOT NULL, "updated_at" timestamp NOT NULL)[0m
  ↳ db/migrate/20191028115815_create_comments.rb:3
  [1m[35m (1.1ms)[0m  [1m[35mCREATE  INDEX  "index_comments_on_gossip_id" ON "comments"  ("gossip_id")[0m
  ↳ db/migrate/20191028115815_create_comments.rb:3
  [1m[35m (1.0ms)[0m  [1m[35mCREATE  INDEX  "index_comments_on_user_id" ON "comments"  ("user_id")[0m
  ↳ db/migrate/20191028115815_create_comments.rb:3
  [1m[36mActiveRecord::SchemaMigration Create (0.3ms)[0m  [1m[32mINSERT INTO "schema_migrations" ("version") VALUES ($1) RETURNING "version"[0m  [["version", "20191028115815"]]
  ↳ bin/rails:9
  [1m[35m (0.8ms)[0m  [1m[35mCOMMIT[0m
  ↳ bin/rails:9
Migrating to CreateLikes (20191028115837)
  [1m[35m (39.9ms)[0m  [1m[35mBEGIN[0m
  ↳ bin/rails:9
  [1m[35m (4.0ms)[0m  [1m[35mCREATE TABLE "likes" ("id" bigserial primary key, "user_id" bigint, "gossip_id" bigint, "comment_id" bigint, "created_at" timestamp NOT NULL, "updated_at" timestamp NOT NULL)[0m
  ↳ db/migrate/20191028115837_create_likes.rb:3
  [1m[35m (0.8ms)[0m  [1m[35mCREATE  INDEX  "index_likes_on_user_id" ON "likes"  ("user_id")[0m
  ↳ db/migrate/20191028115837_create_likes.rb:3
  [1m[35m (0.8ms)[0m  [1m[35mCREATE  INDEX  "index_likes_on_gossip_id" ON "likes"  ("gossip_id")[0m
  ↳ db/migrate/20191028115837_create_likes.rb:3
  [1m[35m (1.0ms)[0m  [1m[35mCREATE  INDEX  "index_likes_on_comment_id" ON "likes"  ("comment_id")[0m
  ↳ db/migrate/20191028115837_create_likes.rb:3
  [1m[36mActiveRecord::SchemaMigration Create (0.3ms)[0m  [1m[32mINSERT INTO "schema_migrations" ("version") VALUES ($1) RETURNING "version"[0m  [["version", "20191028115837"]]
  ↳ bin/rails:9
  [1m[35m (0.7ms)[0m  [1m[35mCOMMIT[0m
  ↳ bin/rails:9
Migrating to CreateTagLists (20191028121508)
  [1m[35m (25.0ms)[0m  [1m[35mBEGIN[0m
  ↳ bin/rails:9
  [1m[35m (2.3ms)[0m  [1m[35mCREATE TABLE "tag_lists" ("id" bigserial primary key, "tag_id" bigint, "gossip_id" bigint, "created_at" timestamp NOT NULL, "updated_at" timestamp NOT NULL)[0m
  ↳ db/migrate/20191028121508_create_tag_lists.rb:3
  [1m[35m (0.8ms)[0m  [1m[35mCREATE  INDEX  "index_tag_lists_on_tag_id" ON "tag_lists"  ("tag_id")[0m
  ↳ db/migrate/20191028121508_create_tag_lists.rb:3
  [1m[35m (0.9ms)[0m  [1m[35mCREATE  INDEX  "index_tag_lists_on_gossip_id" ON "tag_lists"  ("gossip_id")[0m
  ↳ db/migrate/20191028121508_create_tag_lists.rb:3
  [1m[36mActiveRecord::SchemaMigration Create (0.3ms)[0m  [1m[32mINSERT INTO "schema_migrations" ("version") VALUES ($1) RETURNING "version"[0m  [["version", "20191028121508"]]
  ↳ bin/rails:9
  [1m[35m (0.5ms)[0m  [1m[35mCOMMIT[0m
  ↳ bin/rails:9
Migrating to CreateRecipients (20191028121518)
  [1m[35m (24.9ms)[0m  [1m[35mBEGIN[0m
  ↳ bin/rails:9
  [1m[35m (2.1ms)[0m  [1m[35mCREATE TABLE "recipients" ("id" bigserial primary key, "user_id" bigint, "private_message_id" bigint, "created_at" timestamp NOT NULL, "updated_at" timestamp NOT NULL)[0m
  ↳ db/migrate/20191028121518_create_recipients.rb:3
  [1m[35m (1.5ms)[0m  [1m[35mCREATE  INDEX  "index_recipients_on_user_id" ON "recipients"  ("user_id")[0m
  ↳ db/migrate/20191028121518_create_recipients.rb:3
  [1m[35m (1.1ms)[0m  [1m[35mCREATE  INDEX  "index_recipients_on_private_message_id" ON "recipients"  ("private_message_id")[0m
  ↳ db/migrate/20191028121518_create_recipients.rb:3
  [1m[36mActiveRecord::SchemaMigration Create (0.5ms)[0m  [1m[32mINSERT INTO "schema_migrations" ("version") VALUES ($1) RETURNING "version"[0m  [["version", "20191028121518"]]
  ↳ bin/rails:9
  [1m[35m (0.5ms)[0m  [1m[35mCOMMIT[0m
  ↳ bin/rails:9
Migrating to AddColumnUser (20191031102030)
  [1m[35m (40.2ms)[0m  [1m[35mBEGIN[0m
  ↳ bin/rails:9
  [1m[35m (0.6ms)[0m  [1m[35mALTER TABLE "users" ADD "password_digest" character varying[0m
  ↳ db/migrate/20191031102030_add_column_user.rb:3
  [1m[36mActiveRecord::SchemaMigration Create (0.4ms)[0m  [1m[32mINSERT INTO "schema_migrations" ("version") VALUES ($1) RETURNING "version"[0m  [["version", "20191031102030"]]
  ↳ bin/rails:9
  [1m[35m (1.4ms)[0m  [1m[35mCOMMIT[0m
  ↳ bin/rails:9
  [1m[36mActiveRecord::InternalMetadata Load (0.3ms)[0m  [1m[34mSELECT  "ar_internal_metadata".* FROM "ar_internal_metadata" WHERE "ar_internal_metadata"."key" = $1 LIMIT $2[0m  [["key", "environment"], ["LIMIT", 1]]
  ↳ bin/rails:9
  [1m[35m (0.2ms)[0m  [1m[35mBEGIN[0m
  ↳ bin/rails:9
  [1m[36mActiveRecord::InternalMetadata Create (0.7ms)[0m  [1m[32mINSERT INTO "ar_internal_metadata" ("key", "value", "created_at", "updated_at") VALUES ($1, $2, $3, $4) RETURNING "key"[0m  [["key", "environment"], ["value", "development"], ["created_at", "2019-10-31 21:39:24.003824"], ["updated_at", "2019-10-31 21:39:24.003824"]]
  ↳ bin/rails:9
  [1m[35m (41.3ms)[0m  [1m[35mCOMMIT[0m
  ↳ bin/rails:9
  [1m[35m (0.4ms)[0m  [1m[34mSELECT pg_advisory_unlock(4833031731104927805)[0m
  ↳ bin/rails:9
  [1m[35m (0.4ms)[0m  [1m[34mSELECT "schema_migrations"."version" FROM "schema_migrations" ORDER BY "schema_migrations"."version" ASC[0m
  ↳ bin/rails:9
  [1m[35m (0.5ms)[0m  [1m[34mSELECT "schema_migrations"."version" FROM "schema_migrations" ORDER BY "schema_migrations"."version" ASC[0m
  ↳ bin/rails:9
  [1m[36mUser Load (0.7ms)[0m  [1m[34mSELECT "users".* FROM "users"[0m
  ↳ db/seeds.rb:11
  [1m[36mGossip Load (0.5ms)[0m  [1m[34mSELECT "gossips".* FROM "gossips"[0m
  ↳ db/seeds.rb:12
  [1m[35m (0.1ms)[0m  [1m[35mBEGIN[0m
  ↳ db/seeds.rb:15
  [1m[36mCity Create (17.3ms)[0m  [1m[32mINSERT INTO "cities" ("name", "zip_code", "created_at", "updated_at") VALUES ($1, $2, $3, $4) RETURNING "id"[0m  [["name", "Bourges"], ["zip_code", "59746"], ["created_at", "2019-10-31 21:39:30.401649"], ["updated_at", "2019-10-31 21:39:30.401649"]]
  ↳ db/seeds.rb:15
  [1m[35m (0.4ms)[0m  [1m[35mCOMMIT[0m
  ↳ db/seeds.rb:15
  [1m[35m (0.1ms)[0m  [1m[35mBEGIN[0m
  ↳ db/seeds.rb:15
  [1m[36mCity Create (0.2ms)[0m  [1m[32mINSERT INTO "cities" ("name", "zip_code", "created_at", "updated_at") VALUES ($1, $2, $3, $4) RETURNING "id"[0m  [["name", "Versailles"], ["zip_code", "11948"], ["created_at", "2019-10-31 21:39:30.421391"], ["updated_at", "2019-10-31 21:39:30.421391"]]
  ↳ db/seeds.rb:15
  [1m[35m (0.3ms)[0m  [1m[35mCOMMIT[0m
  ↳ db/seeds.rb:15
  [1m[35m (0.1ms)[0m  [1m[35mBEGIN[0m
  ↳ db/seeds.rb:15
  [1m[36mCity Create (0.3ms)[0m  [1m[32mINSERT INTO "cities" ("name", "zip_code", "created_at", "updated_at") VALUES ($1, $2, $3, $4) RETURNING "id"[0m  [["name", "Boulogne-Billancourt"], ["zip_code", "79002"], ["created_at", "2019-10-31 21:39:30.423401"], ["updated_at", "2019-10-31 21:39:30.423401"]]
  ↳ db/seeds.rb:15
  [1m[35m (0.3ms)[0m  [1m[35mCOMMIT[0m
  ↳ db/seeds.rb:15
  [1m[35m (0.1ms)[0m  [1m[35mBEGIN[0m
  ↳ db/seeds.rb:15
  [1m[36mCity Create (0.3ms)[0m  [1m[32mINSERT INTO "cities" ("name", "zip_code", "created_at", "updated_at") VALUES ($1, $2, $3, $4) RETURNING "id"[0m  [["name", "Perpignan"], ["zip_code", "68138"], ["created_at", "2019-10-31 21:39:30.425513"], ["updated_at", "2019-10-31 21:39:30.425513"]]
  ↳ db/seeds.rb:15
  [1m[35m (0.3ms)[0m  [1m[35mCOMMIT[0m
  ↳ db/seeds.rb:15
  [1m[35m (0.1ms)[0m  [1m[35mBEGIN[0m
  ↳ db/seeds.rb:15
  [1m[36mCity Create (0.3ms)[0m  [1m[32mINSERT INTO "cities" ("name", "zip_code", "created_at", "updated_at") VALUES ($1, $2, $3, $4) RETURNING "id"[0m  [["name", "Strasbourg"], ["zip_code", "93697"], ["created_at", "2019-10-31 21:39:30.427648"], ["updated_at", "2019-10-31 21:39:30.427648"]]
  ↳ db/seeds.rb:15
  [1m[35m (0.3ms)[0m  [1m[35mCOMMIT[0m
  ↳ db/seeds.rb:15
  [1m[36mCity Load (0.3ms)[0m  [1m[34mSELECT "cities".* FROM "cities"[0m
  ↳ db/seeds.rb:19
  [1m[35m (0.1ms)[0m  [1m[35mBEGIN[0m
  ↳ db/seeds.rb:19
  [1m[35m (0.1ms)[0m  [1m[31mROLLBACK[0m
  ↳ db/seeds.rb:19
  [1m[36mCity Load (0.2ms)[0m  [1m[34mSELECT "cities".* FROM "cities"[0m
  ↳ db/seeds.rb:19
  [1m[35m (0.1ms)[0m  [1m[35mBEGIN[0m
  ↳ db/seeds.rb:19
  [1m[35m (0.1ms)[0m  [1m[31mROLLBACK[0m
  ↳ db/seeds.rb:19
  [1m[36mCity Load (0.2ms)[0m  [1m[34mSELECT "cities".* FROM "cities"[0m
  ↳ db/seeds.rb:19
  [1m[35m (0.1ms)[0m  [1m[35mBEGIN[0m
  ↳ db/seeds.rb:19
  [1m[35m (0.1ms)[0m  [1m[31mROLLBACK[0m
  ↳ db/seeds.rb:19
  [1m[36mCity Load (0.2ms)[0m  [1m[34mSELECT "cities".* FROM "cities"[0m
  ↳ db/seeds.rb:19
  [1m[35m (0.1ms)[0m  [1m[35mBEGIN[0m
  ↳ db/seeds.rb:19
  [1m[35m (0.1ms)[0m  [1m[31mROLLBACK[0m
  ↳ db/seeds.rb:19
  [1m[36mCity Load (0.2ms)[0m  [1m[34mSELECT "cities".* FROM "cities"[0m
  ↳ db/seeds.rb:19
  [1m[35m (0.1ms)[0m  [1m[35mBEGIN[0m
  ↳ db/seeds.rb:19
  [1m[35m (0.1ms)[0m  [1m[31mROLLBACK[0m
  ↳ db/seeds.rb:19
  [1m[36mUser Load (0.2ms)[0m  [1m[34mSELECT "users".* FROM "users"[0m
  ↳ db/seeds.rb:26
Started GET "/" for 127.0.0.1 at 2019-10-31 22:41:18 +0100
  [1m[35m (0.5ms)[0m  [1m[34mSELECT "schema_migrations"."version" FROM "schema_migrations" ORDER BY "schema_migrations"."version" ASC[0m
  ↳ /Users/cex/.rvm/gems/ruby-2.5.1/gems/activerecord-5.2.3/lib/active_record/log_subscriber.rb:98
Processing by StaticController#index as HTML
  Rendering static/index.html.erb within layouts/application
  [1m[36mGossip Load (1.8ms)[0m  [1m[34mSELECT "gossips".* FROM "gossips"[0m
  ↳ app/views/static/index.html.erb:21
  Rendered static/index.html.erb within layouts/application (26.3ms)
  [1m[36mUser Load (0.6ms)[0m  [1m[34mSELECT  "users".* FROM "users" WHERE "users"."id" = $1 LIMIT $2[0m  [["id", 1], ["LIMIT", 1]]
  ↳ app/controllers/application_controller.rb:11
Completed 500 Internal Server Error in 263ms (ActiveRecord: 10.0ms)


  
ActiveRecord::RecordNotFound (Couldn't find User with 'id'=1):
  
app/controllers/application_controller.rb:11:in `current_user'
app/views/layouts/application.html.erb:25:in `_app_views_layouts_application_html_erb___1264645863006849518_70265550350340'
  [1m[35m (0.5ms)[0m  [1m[34mSELECT "schema_migrations"."version" FROM "schema_migrations" ORDER BY "schema_migrations"."version" ASC[0m
  ↳ bin/rails:9
  [1m[35m (0.3ms)[0m  [1m[34mSELECT "ar_internal_metadata"."value" FROM "ar_internal_metadata" WHERE "ar_internal_metadata"."key" = $1[0m  [["key", "environment"]]
  ↳ bin/rails:9
  [1m[35m (0.2ms)[0m  [1m[34mSELECT "schema_migrations"."version" FROM "schema_migrations" ORDER BY "schema_migrations"."version" ASC[0m
  ↳ bin/rails:9
  [1m[35m (0.2ms)[0m  [1m[34mSELECT "ar_internal_metadata"."value" FROM "ar_internal_metadata" WHERE "ar_internal_metadata"."key" = $1[0m  [["key", "environment"]]
  ↳ bin/rails:9
  [1m[35m (0.2ms)[0m  [1m[34mSELECT "schema_migrations"."version" FROM "schema_migrations" ORDER BY "schema_migrations"."version" ASC[0m
  ↳ bin/rails:9
  [1m[35m (0.2ms)[0m  [1m[34mSELECT "ar_internal_metadata"."value" FROM "ar_internal_metadata" WHERE "ar_internal_metadata"."key" = $1[0m  [["key", "environment"]]
  ↳ bin/rails:9
  [1m[35m (217.6ms)[0m  [1m[35mDROP DATABASE IF EXISTS "the_gossip_project_development"[0m
  ↳ bin/rails:9
  [1m[35m (206.4ms)[0m  [1m[35mDROP DATABASE IF EXISTS "the_gossip_project_test"[0m
  ↳ bin/rails:9
  [1m[35m (560.3ms)[0m  [1m[35mCREATE DATABASE "the_gossip_project_development" ENCODING = 'unicode'[0m
  ↳ bin/rails:9
  [1m[35m (415.2ms)[0m  [1m[35mCREATE DATABASE "the_gossip_project_test" ENCODING = 'unicode'[0m
  ↳ bin/rails:9
  [1m[35m (46.5ms)[0m  [1m[35mCREATE TABLE "schema_migrations" ("version" character varying NOT NULL PRIMARY KEY)[0m
  ↳ bin/rails:9
  [1m[35m (44.1ms)[0m  [1m[35mCREATE TABLE "ar_internal_metadata" ("key" character varying NOT NULL PRIMARY KEY, "value" character varying, "created_at" timestamp NOT NULL, "updated_at" timestamp NOT NULL)[0m
  ↳ bin/rails:9
  [1m[35m (0.5ms)[0m  [1m[34mSELECT "schema_migrations"."version" FROM "schema_migrations" ORDER BY "schema_migrations"."version" ASC[0m
  ↳ bin/rails:9
  [1m[35m (0.4ms)[0m  [1m[34mSELECT pg_try_advisory_lock(4833031731104927805)[0m
  ↳ bin/rails:9
  [1m[35m (0.5ms)[0m  [1m[34mSELECT "schema_migrations"."version" FROM "schema_migrations" ORDER BY "schema_migrations"."version" ASC[0m
  ↳ bin/rails:9
Migrating to CreateUsers (20191028115648)
  [1m[35m (0.1ms)[0m  [1m[35mBEGIN[0m
  ↳ bin/rails:9
  [1m[35m (47.6ms)[0m  [1m[35mCREATE TABLE "users" ("id" bigserial primary key, "first_name" character varying, "last_name" character varying, "email" character varying, "age" integer, "description" text, "city_id" bigint, "created_at" timestamp NOT NULL, "updated_at" timestamp NOT NULL)[0m
  ↳ db/migrate/20191028115648_create_users.rb:3
  [1m[35m (0.9ms)[0m  [1m[35mCREATE  INDEX  "index_users_on_city_id" ON "users"  ("city_id")[0m
  ↳ db/migrate/20191028115648_create_users.rb:3
  [1m[36mActiveRecord::SchemaMigration Create (0.5ms)[0m  [1m[32mINSERT INTO "schema_migrations" ("version") VALUES ($1) RETURNING "version"[0m  [["version", "20191028115648"]]
  ↳ bin/rails:9
  [1m[35m (0.6ms)[0m  [1m[35mCOMMIT[0m
  ↳ bin/rails:9
Migrating to CreateCities (20191028115706)
  [1m[35m (40.1ms)[0m  [1m[35mBEGIN[0m
  ↳ bin/rails:9
  [1m[35m (4.9ms)[0m  [1m[35mCREATE TABLE "cities" ("id" bigserial primary key, "name" character varying, "zip_code" character varying, "created_at" timestamp NOT NULL, "updated_at" timestamp NOT NULL)[0m
  ↳ db/migrate/20191028115706_create_cities.rb:3
  [1m[36mActiveRecord::SchemaMigration Create (0.5ms)[0m  [1m[32mINSERT INTO "schema_migrations" ("version") VALUES ($1) RETURNING "version"[0m  [["version", "20191028115706"]]
  ↳ bin/rails:9
  [1m[35m (0.6ms)[0m  [1m[35mCOMMIT[0m
  ↳ bin/rails:9
Migrating to CreateGossips (20191028115718)
  [1m[35m (40.9ms)[0m  [1m[35mBEGIN[0m
  ↳ bin/rails:9
  [1m[35m (5.8ms)[0m  [1m[35mCREATE TABLE "gossips" ("id" bigserial primary key, "title" character varying, "content" text, "user_id" bigint, "created_at" timestamp NOT NULL, "updated_at" timestamp NOT NULL)[0m
  ↳ db/migrate/20191028115718_create_gossips.rb:3
  [1m[35m (1.1ms)[0m  [1m[35mCREATE  INDEX  "index_gossips_on_user_id" ON "gossips"  ("user_id")[0m
  ↳ db/migrate/20191028115718_create_gossips.rb:3
  [1m[36mActiveRecord::SchemaMigration Create (0.4ms)[0m  [1m[32mINSERT INTO "schema_migrations" ("version") VALUES ($1) RETURNING "version"[0m  [["version", "20191028115718"]]
  ↳ bin/rails:9
  [1m[35m (0.6ms)[0m  [1m[35mCOMMIT[0m
  ↳ bin/rails:9
Migrating to CreateTags (20191028115738)
  [1m[35m (40.6ms)[0m  [1m[35mBEGIN[0m
  ↳ bin/rails:9
  [1m[35m (5.8ms)[0m  [1m[35mCREATE TABLE "tags" ("id" bigserial primary key, "title" character varying, "created_at" timestamp NOT NULL, "updated_at" timestamp NOT NULL)[0m
  ↳ db/migrate/20191028115738_create_tags.rb:3
  [1m[36mActiveRecord::SchemaMigration Create (0.3ms)[0m  [1m[32mINSERT INTO "schema_migrations" ("version") VALUES ($1) RETURNING "version"[0m  [["version", "20191028115738"]]
  ↳ bin/rails:9
  [1m[35m (0.4ms)[0m  [1m[35mCOMMIT[0m
  ↳ bin/rails:9
Migrating to CreatePrivateMessages (20191028115757)
  [1m[35m (39.6ms)[0m  [1m[35mBEGIN[0m
  ↳ bin/rails:9
  [1m[35m (5.6ms)[0m  [1m[35mCREATE TABLE "private_messages" ("id" bigserial primary key, "content" text, "sender_id" bigint, "created_at" timestamp NOT NULL, "updated_at" timestamp NOT NULL)[0m
  ↳ db/migrate/20191028115757_create_private_messages.rb:3
  [1m[35m (1.0ms)[0m  [1m[35mCREATE  INDEX  "index_private_messages_on_sender_id" ON "private_messages"  ("sender_id")[0m
  ↳ db/migrate/20191028115757_create_private_messages.rb:3
  [1m[36mActiveRecord::SchemaMigration Create (0.3ms)[0m  [1m[32mINSERT INTO "schema_migrations" ("version") VALUES ($1) RETURNING "version"[0m  [["version", "20191028115757"]]
  ↳ bin/rails:9
  [1m[35m (0.4ms)[0m  [1m[35mCOMMIT[0m
  ↳ bin/rails:9
Migrating to CreateComments (20191028115815)
  [1m[35m (40.5ms)[0m  [1m[35mBEGIN[0m
  ↳ bin/rails:9
  [1m[35m (5.0ms)[0m  [1m[35mCREATE TABLE "comments" ("id" bigserial primary key, "content" text, "gossip_id" bigint, "user_id" bigint, "created_at" timestamp NOT NULL, "updated_at" timestamp NOT NULL)[0m
  ↳ db/migrate/20191028115815_create_comments.rb:3
  [1m[35m (0.8ms)[0m  [1m[35mCREATE  INDEX  "index_comments_on_gossip_id" ON "comments"  ("gossip_id")[0m
  ↳ db/migrate/20191028115815_create_comments.rb:3
  [1m[35m (0.8ms)[0m  [1m[35mCREATE  INDEX  "index_comments_on_user_id" ON "comments"  ("user_id")[0m
  ↳ db/migrate/20191028115815_create_comments.rb:3
  [1m[36mActiveRecord::SchemaMigration Create (0.5ms)[0m  [1m[32mINSERT INTO "schema_migrations" ("version") VALUES ($1) RETURNING "version"[0m  [["version", "20191028115815"]]
  ↳ bin/rails:9
  [1m[35m (0.6ms)[0m  [1m[35mCOMMIT[0m
  ↳ bin/rails:9
Migrating to CreateLikes (20191028115837)
  [1m[35m (40.3ms)[0m  [1m[35mBEGIN[0m
  ↳ bin/rails:9
  [1m[35m (3.7ms)[0m  [1m[35mCREATE TABLE "likes" ("id" bigserial primary key, "user_id" bigint, "gossip_id" bigint, "comment_id" bigint, "created_at" timestamp NOT NULL, "updated_at" timestamp NOT NULL)[0m
  ↳ db/migrate/20191028115837_create_likes.rb:3
  [1m[35m (1.2ms)[0m  [1m[35mCREATE  INDEX  "index_likes_on_user_id" ON "likes"  ("user_id")[0m
  ↳ db/migrate/20191028115837_create_likes.rb:3
  [1m[35m (1.4ms)[0m  [1m[35mCREATE  INDEX  "index_likes_on_gossip_id" ON "likes"  ("gossip_id")[0m
  ↳ db/migrate/20191028115837_create_likes.rb:3
  [1m[35m (1.4ms)[0m  [1m[35mCREATE  INDEX  "index_likes_on_comment_id" ON "likes"  ("comment_id")[0m
  ↳ db/migrate/20191028115837_create_likes.rb:3
  [1m[36mActiveRecord::SchemaMigration Create (0.3ms)[0m  [1m[32mINSERT INTO "schema_migrations" ("version") VALUES ($1) RETURNING "version"[0m  [["version", "20191028115837"]]
  ↳ bin/rails:9
  [1m[35m (0.4ms)[0m  [1m[35mCOMMIT[0m
  ↳ bin/rails:9
Migrating to CreateTagLists (20191028121508)
  [1m[35m (40.6ms)[0m  [1m[35mBEGIN[0m
  ↳ bin/rails:9
  [1m[35m (3.8ms)[0m  [1m[35mCREATE TABLE "tag_lists" ("id" bigserial primary key, "tag_id" bigint, "gossip_id" bigint, "created_at" timestamp NOT NULL, "updated_at" timestamp NOT NULL)[0m
  ↳ db/migrate/20191028121508_create_tag_lists.rb:3
  [1m[35m (1.1ms)[0m  [1m[35mCREATE  INDEX  "index_tag_lists_on_tag_id" ON "tag_lists"  ("tag_id")[0m
  ↳ db/migrate/20191028121508_create_tag_lists.rb:3
  [1m[35m (0.8ms)[0m  [1m[35mCREATE  INDEX  "index_tag_lists_on_gossip_id" ON "tag_lists"  ("gossip_id")[0m
  ↳ db/migrate/20191028121508_create_tag_lists.rb:3
  [1m[36mActiveRecord::SchemaMigration Create (0.3ms)[0m  [1m[32mINSERT INTO "schema_migrations" ("version") VALUES ($1) RETURNING "version"[0m  [["version", "20191028121508"]]
  ↳ bin/rails:9
  [1m[35m (0.4ms)[0m  [1m[35mCOMMIT[0m
  ↳ bin/rails:9
Migrating to CreateRecipients (20191028121518)
  [1m[35m (40.8ms)[0m  [1m[35mBEGIN[0m
  ↳ bin/rails:9
  [1m[35m (4.0ms)[0m  [1m[35mCREATE TABLE "recipients" ("id" bigserial primary key, "user_id" bigint, "private_message_id" bigint, "created_at" timestamp NOT NULL, "updated_at" timestamp NOT NULL)[0m
  ↳ db/migrate/20191028121518_create_recipients.rb:3
  [1m[35m (1.3ms)[0m  [1m[35mCREATE  INDEX  "index_recipients_on_user_id" ON "recipients"  ("user_id")[0m
  ↳ db/migrate/20191028121518_create_recipients.rb:3
  [1m[35m (1.1ms)[0m  [1m[35mCREATE  INDEX  "index_recipients_on_private_message_id" ON "recipients"  ("private_message_id")[0m
  ↳ db/migrate/20191028121518_create_recipients.rb:3
  [1m[36mActiveRecord::SchemaMigration Create (0.5ms)[0m  [1m[32mINSERT INTO "schema_migrations" ("version") VALUES ($1) RETURNING "version"[0m  [["version", "20191028121518"]]
  ↳ bin/rails:9
  [1m[35m (0.8ms)[0m  [1m[35mCOMMIT[0m
  ↳ bin/rails:9
Migrating to AddColumnUser (20191031102030)
  [1m[35m (40.7ms)[0m  [1m[35mBEGIN[0m
  ↳ bin/rails:9
  [1m[35m (0.7ms)[0m  [1m[35mALTER TABLE "users" ADD "password_digest" character varying[0m
  ↳ db/migrate/20191031102030_add_column_user.rb:3
  [1m[36mActiveRecord::SchemaMigration Create (0.4ms)[0m  [1m[32mINSERT INTO "schema_migrations" ("version") VALUES ($1) RETURNING "version"[0m  [["version", "20191031102030"]]
  ↳ bin/rails:9
  [1m[35m (0.5ms)[0m  [1m[35mCOMMIT[0m
  ↳ bin/rails:9
  [1m[36mActiveRecord::InternalMetadata Load (0.3ms)[0m  [1m[34mSELECT  "ar_internal_metadata".* FROM "ar_internal_metadata" WHERE "ar_internal_metadata"."key" = $1 LIMIT $2[0m  [["key", "environment"], ["LIMIT", 1]]
  ↳ bin/rails:9
  [1m[35m (0.2ms)[0m  [1m[35mBEGIN[0m
  ↳ bin/rails:9
  [1m[36mActiveRecord::InternalMetadata Create (0.4ms)[0m  [1m[32mINSERT INTO "ar_internal_metadata" ("key", "value", "created_at", "updated_at") VALUES ($1, $2, $3, $4) RETURNING "key"[0m  [["key", "environment"], ["value", "development"], ["created_at", "2019-10-31 21:46:52.882503"], ["updated_at", "2019-10-31 21:46:52.882503"]]
  ↳ bin/rails:9
  [1m[35m (28.8ms)[0m  [1m[35mCOMMIT[0m
  ↳ bin/rails:9
  [1m[35m (0.3ms)[0m  [1m[34mSELECT pg_advisory_unlock(4833031731104927805)[0m
  ↳ bin/rails:9
  [1m[35m (0.3ms)[0m  [1m[34mSELECT "schema_migrations"."version" FROM "schema_migrations" ORDER BY "schema_migrations"."version" ASC[0m
  ↳ bin/rails:9
  [1m[35m (1.0ms)[0m  [1m[34mSELECT "schema_migrations"."version" FROM "schema_migrations" ORDER BY "schema_migrations"."version" ASC[0m
  ↳ bin/rails:9
  [1m[35m (0.5ms)[0m  [1m[34mSELECT "schema_migrations"."version" FROM "schema_migrations" ORDER BY "schema_migrations"."version" ASC[0m
  ↳ bin/rails:9
  [1m[36mUser Load (0.8ms)[0m  [1m[34mSELECT "users".* FROM "users"[0m
  ↳ db/seeds.rb:11
  [1m[36mGossip Load (42.1ms)[0m  [1m[34mSELECT "gossips".* FROM "gossips"[0m
  ↳ db/seeds.rb:12
  [1m[35m (0.1ms)[0m  [1m[35mBEGIN[0m
  ↳ db/seeds.rb:15
  [1m[36mCity Create (0.7ms)[0m  [1m[32mINSERT INTO "cities" ("name", "zip_code", "created_at", "updated_at") VALUES ($1, $2, $3, $4) RETURNING "id"[0m  [["name", "Bordeaux"], ["zip_code", "78285"], ["created_at", "2019-10-31 21:47:27.716132"], ["updated_at", "2019-10-31 21:47:27.716132"]]
  ↳ db/seeds.rb:15
  [1m[35m (40.5ms)[0m  [1m[35mCOMMIT[0m
  ↳ db/seeds.rb:15
  [1m[35m (0.2ms)[0m  [1m[35mBEGIN[0m
  ↳ db/seeds.rb:15
  [1m[36mCity Create (0.4ms)[0m  [1m[32mINSERT INTO "cities" ("name", "zip_code", "created_at", "updated_at") VALUES ($1, $2, $3, $4) RETURNING "id"[0m  [["name", "Cergy"], ["zip_code", "94223"], ["created_at", "2019-10-31 21:47:27.759885"], ["updated_at", "2019-10-31 21:47:27.759885"]]
  ↳ db/seeds.rb:15
  [1m[35m (1.4ms)[0m  [1m[35mCOMMIT[0m
  ↳ db/seeds.rb:15
  [1m[35m (0.2ms)[0m  [1m[35mBEGIN[0m
  ↳ db/seeds.rb:15
  [1m[36mCity Create (0.2ms)[0m  [1m[32mINSERT INTO "cities" ("name", "zip_code", "created_at", "updated_at") VALUES ($1, $2, $3, $4) RETURNING "id"[0m  [["name", "Rueil-Malmaison"], ["zip_code", "34216"], ["created_at", "2019-10-31 21:47:27.764101"], ["updated_at", "2019-10-31 21:47:27.764101"]]
  ↳ db/seeds.rb:15
  [1m[35m (0.4ms)[0m  [1m[35mCOMMIT[0m
  ↳ db/seeds.rb:15
  [1m[35m (0.2ms)[0m  [1m[35mBEGIN[0m
  ↳ db/seeds.rb:15
  [1m[36mCity Create (0.3ms)[0m  [1m[32mINSERT INTO "cities" ("name", "zip_code", "created_at", "updated_at") VALUES ($1, $2, $3, $4) RETURNING "id"[0m  [["name", "Nantes"], ["zip_code", "70265"], ["created_at", "2019-10-31 21:47:27.766623"], ["updated_at", "2019-10-31 21:47:27.766623"]]
  ↳ db/seeds.rb:15
  [1m[35m (0.3ms)[0m  [1m[35mCOMMIT[0m
  ↳ db/seeds.rb:15
  [1m[35m (0.1ms)[0m  [1m[35mBEGIN[0m
  ↳ db/seeds.rb:15
  [1m[36mCity Create (0.2ms)[0m  [1m[32mINSERT INTO "cities" ("name", "zip_code", "created_at", "updated_at") VALUES ($1, $2, $3, $4) RETURNING "id"[0m  [["name", "Hyères"], ["zip_code", "81209"], ["created_at", "2019-10-31 21:47:27.768809"], ["updated_at", "2019-10-31 21:47:27.768809"]]
  ↳ db/seeds.rb:15
  [1m[35m (0.3ms)[0m  [1m[35mCOMMIT[0m
  ↳ db/seeds.rb:15
  [1m[36mCity Load (0.3ms)[0m  [1m[34mSELECT "cities".* FROM "cities"[0m
  ↳ db/seeds.rb:19
  [1m[35m (0.1ms)[0m  [1m[35mBEGIN[0m
  ↳ db/seeds.rb:19
  [1m[35m (0.1ms)[0m  [1m[31mROLLBACK[0m
  ↳ db/seeds.rb:19
  [1m[36mCity Load (0.3ms)[0m  [1m[34mSELECT "cities".* FROM "cities"[0m
  ↳ db/seeds.rb:19
  [1m[35m (0.1ms)[0m  [1m[35mBEGIN[0m
  ↳ db/seeds.rb:19
  [1m[35m (0.1ms)[0m  [1m[31mROLLBACK[0m
  ↳ db/seeds.rb:19
  [1m[36mCity Load (0.2ms)[0m  [1m[34mSELECT "cities".* FROM "cities"[0m
  ↳ db/seeds.rb:19
  [1m[35m (0.1ms)[0m  [1m[35mBEGIN[0m
  ↳ db/seeds.rb:19
  [1m[35m (0.1ms)[0m  [1m[31mROLLBACK[0m
  ↳ db/seeds.rb:19
  [1m[36mCity Load (0.2ms)[0m  [1m[34mSELECT "cities".* FROM "cities"[0m
  ↳ db/seeds.rb:19
  [1m[35m (0.1ms)[0m  [1m[35mBEGIN[0m
  ↳ db/seeds.rb:19
  [1m[35m (0.1ms)[0m  [1m[31mROLLBACK[0m
  ↳ db/seeds.rb:19
  [1m[36mCity Load (0.3ms)[0m  [1m[34mSELECT "cities".* FROM "cities"[0m
  ↳ db/seeds.rb:19
  [1m[35m (0.1ms)[0m  [1m[35mBEGIN[0m
  ↳ db/seeds.rb:19
  [1m[35m (0.1ms)[0m  [1m[31mROLLBACK[0m
  ↳ db/seeds.rb:19
  [1m[36mUser Load (0.2ms)[0m  [1m[34mSELECT "users".* FROM "users"[0m
  ↳ db/seeds.rb:26
